C:\Users\JoelLewis\Desktop\of_v0.8.4_vs_release\apps\Circulate\circulate\bin\circulate_debug.lib
C:\Users\JoelLewis\Desktop\of_v0.8.4_vs_release\apps\Circulate\circulate\bin\circulate_debug.exp
C:\USERS\JOELLEWIS\DESKTOP\OF_V0.8.4_VS_RELEASE\APPS\CIRCULATE\CIRCULATE\OBJ\DEBUG\MAIN.OBJ
C:\USERS\JOELLEWIS\DESKTOP\OF_V0.8.4_VS_RELEASE\APPS\CIRCULATE\CIRCULATE\OBJ\DEBUG\OFAPP.OBJ
C:\USERS\JOELLEWIS\DESKTOP\OF_V0.8.4_VS_RELEASE\APPS\CIRCULATE\CIRCULATE\OBJ\DEBUG\OFXASSIMPANIMATION.OBJ
C:\USERS\JOELLEWIS\DESKTOP\OF_V0.8.4_VS_RELEASE\APPS\CIRCULATE\CIRCULATE\OBJ\DEBUG\OFXASSIMPMESHHELPER.OBJ
C:\USERS\JOELLEWIS\DESKTOP\OF_V0.8.4_VS_RELEASE\APPS\CIRCULATE\CIRCULATE\OBJ\DEBUG\OFXASSIMPMODELLOADER.OBJ
C:\USERS\JOELLEWIS\DESKTOP\OF_V0.8.4_VS_RELEASE\APPS\CIRCULATE\CIRCULATE\OBJ\DEBUG\OFXASSIMPTEXTURE.OBJ
C:\USERS\JOELLEWIS\DESKTOP\OF_V0.8.4_VS_RELEASE\APPS\CIRCULATE\CIRCULATE\OBJ\DEBUG\DEVICE.OBJ
C:\USERS\JOELLEWIS\DESKTOP\OF_V0.8.4_VS_RELEASE\APPS\CIRCULATE\CIRCULATE\OBJ\DEBUG\BASEIMAGE.OBJ
C:\USERS\JOELLEWIS\DESKTOP\OF_V0.8.4_VS_RELEASE\APPS\CIRCULATE\CIRCULATE\OBJ\DEBUG\BODY.OBJ
C:\USERS\JOELLEWIS\DESKTOP\OF_V0.8.4_VS_RELEASE\APPS\CIRCULATE\CIRCULATE\OBJ\DEBUG\BODYINDEX.OBJ
C:\USERS\JOELLEWIS\DESKTOP\OF_V0.8.4_VS_RELEASE\APPS\CIRCULATE\CIRCULATE\OBJ\DEBUG\COLOR.OBJ
C:\USERS\JOELLEWIS\DESKTOP\OF_V0.8.4_VS_RELEASE\APPS\CIRCULATE\CIRCULATE\OBJ\DEBUG\DEPTH.OBJ
C:\USERS\JOELLEWIS\DESKTOP\OF_V0.8.4_VS_RELEASE\APPS\CIRCULATE\CIRCULATE\OBJ\DEBUG\INFRARED.OBJ
C:\USERS\JOELLEWIS\DESKTOP\OF_V0.8.4_VS_RELEASE\APPS\CIRCULATE\CIRCULATE\OBJ\DEBUG\LONGEXPOSUREINFRARED.OBJ
C:\USERS\JOELLEWIS\DESKTOP\OF_V0.8.4_VS_RELEASE\APPS\CIRCULATE\CIRCULATE\OBJ\DEBUG\UTILS.OBJ
C:\USERS\JOELLEWIS\DESKTOP\OF_V0.8.4_VS_RELEASE\APPS\CIRCULATE\CIRCULATE\OBJ\DEBUG\OFXSPLASHSCREEN.OBJ
C:\USERS\JOELLEWIS\DESKTOP\OF_V0.8.4_VS_RELEASE\APPS\CIRCULATE\CIRCULATE\OBJ\DEBUG\VC110.PDB
C:\USERS\JOELLEWIS\DESKTOP\OF_V0.8.4_VS_RELEASE\APPS\CIRCULATE\CIRCULATE\OBJ\DEBUG\COSTUME.OBJ
C:\USERS\JOELLEWIS\DESKTOP\OF_V0.8.4_VS_RELEASE\APPS\CIRCULATE\CIRCULATE\OBJ\DEBUG\INTEGRATORF.OBJ
C:\USERS\JOELLEWIS\DESKTOP\OF_V0.8.4_VS_RELEASE\APPS\CIRCULATE\CIRCULATE\OBJ\DEBUG\INTEGRATORVEC3F.OBJ
C:\USERS\JOELLEWIS\DESKTOP\OF_V0.8.4_VS_RELEASE\APPS\CIRCULATE\CIRCULATE\OBJ\DEBUG\JOINTSET.OBJ
C:\USERS\JOELLEWIS\DESKTOP\OF_V0.8.4_VS_RELEASE\APPS\CIRCULATE\CIRCULATE\OBJ\DEBUG\SEGMENT.OBJ
C:\USERS\JOELLEWIS\DESKTOP\OF_V0.8.4_VS_RELEASE\APPS\CIRCULATE\CIRCULATE\BIN\CIRCULATE_DEBUG.ILK
C:\USERS\JOELLEWIS\DESKTOP\OF_V0.8.4_VS_RELEASE\APPS\CIRCULATE\CIRCULATE\BIN\CIRCULATE_DEBUG.EXE
C:\USERS\JOELLEWIS\DESKTOP\OF_V0.8.4_VS_RELEASE\APPS\CIRCULATE\CIRCULATE\BIN\CIRCULATE_DEBUG.PDB
C:\USERS\JOELLEWIS\DESKTOP\OF_V0.8.4_VS_RELEASE\APPS\CIRCULATE\CIRCULATE\OBJ\DEBUG\ICON.RES
C:\Users\JoelLewis\Desktop\of_v0.8.4_vs_release\apps\Circulate\circulate\obj\Debug\circulate.vcxprojResolveAssemblyReference.cache
C:\Users\JoelLewis\Desktop\of_v0.8.4_vs_release\apps\Circulate\circulate\obj\Debug\BaseImage.obj
C:\Users\JoelLewis\Desktop\of_v0.8.4_vs_release\apps\Circulate\circulate\obj\Debug\Body.obj
C:\Users\JoelLewis\Desktop\of_v0.8.4_vs_release\apps\Circulate\circulate\obj\Debug\BodyIndex.obj
C:\Users\JoelLewis\Desktop\of_v0.8.4_vs_release\apps\Circulate\circulate\obj\Debug\Color.obj
C:\Users\JoelLewis\Desktop\of_v0.8.4_vs_release\apps\Circulate\circulate\obj\Debug\Costume.obj
C:\Users\JoelLewis\Desktop\of_v0.8.4_vs_release\apps\Circulate\circulate\obj\Debug\Depth.obj
C:\Users\JoelLewis\Desktop\of_v0.8.4_vs_release\apps\Circulate\circulate\obj\Debug\Device.obj
C:\Users\JoelLewis\Desktop\of_v0.8.4_vs_release\apps\Circulate\circulate\obj\Debug\Infrared.obj
C:\Users\JoelLewis\Desktop\of_v0.8.4_vs_release\apps\Circulate\circulate\obj\Debug\Integratorf.obj
C:\Users\JoelLewis\Desktop\of_v0.8.4_vs_release\apps\Circulate\circulate\obj\Debug\IntegratorVec3f.obj
C:\Users\JoelLewis\Desktop\of_v0.8.4_vs_release\apps\Circulate\circulate\obj\Debug\JointSet.obj
C:\Users\JoelLewis\Desktop\of_v0.8.4_vs_release\apps\Circulate\circulate\obj\Debug\LongExposureInfraRed.obj
C:\Users\JoelLewis\Desktop\of_v0.8.4_vs_release\apps\Circulate\circulate\obj\Debug\main.obj
C:\Users\JoelLewis\Desktop\of_v0.8.4_vs_release\apps\Circulate\circulate\obj\Debug\ofApp.obj
C:\Users\JoelLewis\Desktop\of_v0.8.4_vs_release\apps\Circulate\circulate\obj\Debug\ofxAssimpAnimation.obj
C:\Users\JoelLewis\Desktop\of_v0.8.4_vs_release\apps\Circulate\circulate\obj\Debug\ofxAssimpMeshHelper.obj
C:\Users\JoelLewis\Desktop\of_v0.8.4_vs_release\apps\Circulate\circulate\obj\Debug\ofxAssimpModelLoader.obj
C:\Users\JoelLewis\Desktop\of_v0.8.4_vs_release\apps\Circulate\circulate\obj\Debug\ofxAssimpTexture.obj
C:\Users\JoelLewis\Desktop\of_v0.8.4_vs_release\apps\Circulate\circulate\obj\Debug\ofxSplashScreen.obj
C:\Users\JoelLewis\Desktop\of_v0.8.4_vs_release\apps\Circulate\circulate\obj\Debug\Segment.obj
C:\Users\JoelLewis\Desktop\of_v0.8.4_vs_release\apps\Circulate\circulate\obj\Debug\Utils.obj
C:\Users\JoelLewis\Desktop\of_v0.8.4_vs_release\apps\Circulate\circulate\obj\Debug\circulate.write.1.tlog
C:\Users\JoelLewis\Desktop\of_v0.8.4_vs_release\apps\Circulate\circulate\obj\Debug\cl.command.1.tlog
C:\Users\JoelLewis\Desktop\of_v0.8.4_vs_release\apps\Circulate\circulate\obj\Debug\CL.read.1.tlog
C:\Users\JoelLewis\Desktop\of_v0.8.4_vs_release\apps\Circulate\circulate\obj\Debug\CL.write.1.tlog
C:\Users\JoelLewis\Desktop\of_v0.8.4_vs_release\apps\Circulate\circulate\obj\Debug\link-cvtres.read.1.tlog
C:\Users\JoelLewis\Desktop\of_v0.8.4_vs_release\apps\Circulate\circulate\obj\Debug\link-cvtres.write.1.tlog
C:\Users\JoelLewis\Desktop\of_v0.8.4_vs_release\apps\Circulate\circulate\obj\Debug\link-rc.read.1.tlog
C:\Users\JoelLewis\Desktop\of_v0.8.4_vs_release\apps\Circulate\circulate\obj\Debug\link-rc.write.1.tlog
C:\Users\JoelLewis\Desktop\of_v0.8.4_vs_release\apps\Circulate\circulate\obj\Debug\link.3936-cvtres.read.1.tlog
C:\Users\JoelLewis\Desktop\of_v0.8.4_vs_release\apps\Circulate\circulate\obj\Debug\link.3936-cvtres.write.1.tlog
C:\Users\JoelLewis\Desktop\of_v0.8.4_vs_release\apps\Circulate\circulate\obj\Debug\link.3936-rc.read.1.tlog
C:\Users\JoelLewis\Desktop\of_v0.8.4_vs_release\apps\Circulate\circulate\obj\Debug\link.3936-rc.write.1.tlog
C:\Users\JoelLewis\Desktop\of_v0.8.4_vs_release\apps\Circulate\circulate\obj\Debug\link.3936.read.1.tlog
C:\Users\JoelLewis\Desktop\of_v0.8.4_vs_release\apps\Circulate\circulate\obj\Debug\link.3936.write.1.tlog
C:\Users\JoelLewis\Desktop\of_v0.8.4_vs_release\apps\Circulate\circulate\obj\Debug\link.4732-cvtres.read.1.tlog
C:\Users\JoelLewis\Desktop\of_v0.8.4_vs_release\apps\Circulate\circulate\obj\Debug\link.4732-cvtres.write.1.tlog
C:\Users\JoelLewis\Desktop\of_v0.8.4_vs_release\apps\Circulate\circulate\obj\Debug\link.4732-rc.read.1.tlog
C:\Users\JoelLewis\Desktop\of_v0.8.4_vs_release\apps\Circulate\circulate\obj\Debug\link.4732-rc.write.1.tlog
C:\Users\JoelLewis\Desktop\of_v0.8.4_vs_release\apps\Circulate\circulate\obj\Debug\link.4732.read.1.tlog
C:\Users\JoelLewis\Desktop\of_v0.8.4_vs_release\apps\Circulate\circulate\obj\Debug\link.4732.write.1.tlog
C:\Users\JoelLewis\Desktop\of_v0.8.4_vs_release\apps\Circulate\circulate\obj\Debug\link.5420-cvtres.read.1.tlog
C:\Users\JoelLewis\Desktop\of_v0.8.4_vs_release\apps\Circulate\circulate\obj\Debug\link.5420-cvtres.write.1.tlog
C:\Users\JoelLewis\Desktop\of_v0.8.4_vs_release\apps\Circulate\circulate\obj\Debug\link.5420-rc.read.1.tlog
C:\Users\JoelLewis\Desktop\of_v0.8.4_vs_release\apps\Circulate\circulate\obj\Debug\link.5420-rc.write.1.tlog
C:\Users\JoelLewis\Desktop\of_v0.8.4_vs_release\apps\Circulate\circulate\obj\Debug\link.5420.read.1.tlog
C:\Users\JoelLewis\Desktop\of_v0.8.4_vs_release\apps\Circulate\circulate\obj\Debug\link.5420.write.1.tlog
C:\Users\JoelLewis\Desktop\of_v0.8.4_vs_release\apps\Circulate\circulate\obj\Debug\link.command.1.tlog
C:\Users\JoelLewis\Desktop\of_v0.8.4_vs_release\apps\Circulate\circulate\obj\Debug\link.read.1.tlog
C:\Users\JoelLewis\Desktop\of_v0.8.4_vs_release\apps\Circulate\circulate\obj\Debug\link.write.1.tlog
C:\Users\JoelLewis\Desktop\of_v0.8.4_vs_release\apps\Circulate\circulate\obj\Debug\rc.command.1.tlog
C:\Users\JoelLewis\Desktop\of_v0.8.4_vs_release\apps\Circulate\circulate\obj\Debug\rc.read.1.tlog
C:\Users\JoelLewis\Desktop\of_v0.8.4_vs_release\apps\Circulate\circulate\obj\Debug\rc.write.1.tlog
C:\Users\JoelLewis\Desktop\of_v0.8.4_vs_release\apps\Circulate\circulate\obj\Debug\icon.res
C:\Users\JoelLewis\Desktop\of_v0.8.4_vs_release\apps\Circulate\circulate\obj\Debug\vc110.idb
C:\Users\JoelLewis\Desktop\of_v0.8.4_vs_release\apps\Circulate\circulate\obj\Debug\vc110.pdb
C:\Users\JoelLewis\Desktop\of_v0.8.4_vs_release\apps\Circulate\circulate\bin\circulate_debug.exe
