c:\users\joellewis\desktop\of_v0.8.4_vs_release\apps\circulate\circulate\obj\release\ofxassimpanimation.cpp.nativecodeanalysis.xml
c:\users\joellewis\desktop\of_v0.8.4_vs_release\apps\circulate\circulate\obj\release\ofxassimpanimation.obj
c:\users\joellewis\desktop\of_v0.8.4_vs_release\apps\circulate\circulate\obj\release\ofxassimpmeshhelper.cpp.nativecodeanalysis.xml
c:\users\joellewis\desktop\of_v0.8.4_vs_release\apps\circulate\circulate\obj\release\ofxassimpmeshhelper.obj
c:\users\joellewis\desktop\of_v0.8.4_vs_release\apps\circulate\circulate\obj\release\ofxassimpmodelloader.cpp.nativecodeanalysis.xml
c:\users\joellewis\desktop\of_v0.8.4_vs_release\apps\circulate\circulate\obj\release\ofxassimpmodelloader.obj
c:\users\joellewis\desktop\of_v0.8.4_vs_release\apps\circulate\circulate\obj\release\ofxassimptexture.cpp.nativecodeanalysis.xml
c:\users\joellewis\desktop\of_v0.8.4_vs_release\apps\circulate\circulate\obj\release\ofxassimptexture.obj
c:\users\joellewis\desktop\of_v0.8.4_vs_release\apps\circulate\circulate\obj\release\device.cpp.nativecodeanalysis.xml
c:\users\joellewis\desktop\of_v0.8.4_vs_release\apps\circulate\circulate\obj\release\device.obj
c:\users\joellewis\desktop\of_v0.8.4_vs_release\apps\circulate\circulate\obj\release\baseimage.cpp.nativecodeanalysis.xml
c:\users\joellewis\desktop\of_v0.8.4_vs_release\apps\circulate\circulate\obj\release\baseimage.obj
c:\users\joellewis\desktop\of_v0.8.4_vs_release\apps\circulate\circulate\obj\release\body.cpp.nativecodeanalysis.xml
c:\users\joellewis\desktop\of_v0.8.4_vs_release\apps\circulate\circulate\obj\release\body.obj
c:\users\joellewis\desktop\of_v0.8.4_vs_release\apps\circulate\circulate\obj\release\bodyindex.cpp.nativecodeanalysis.xml
c:\users\joellewis\desktop\of_v0.8.4_vs_release\apps\circulate\circulate\obj\release\bodyindex.obj
c:\users\joellewis\desktop\of_v0.8.4_vs_release\apps\circulate\circulate\obj\release\color.cpp.nativecodeanalysis.xml
c:\users\joellewis\desktop\of_v0.8.4_vs_release\apps\circulate\circulate\obj\release\color.obj
c:\users\joellewis\desktop\of_v0.8.4_vs_release\apps\circulate\circulate\obj\release\depth.cpp.nativecodeanalysis.xml
c:\users\joellewis\desktop\of_v0.8.4_vs_release\apps\circulate\circulate\obj\release\depth.obj
c:\users\joellewis\desktop\of_v0.8.4_vs_release\apps\circulate\circulate\obj\release\infrared.cpp.nativecodeanalysis.xml
c:\users\joellewis\desktop\of_v0.8.4_vs_release\apps\circulate\circulate\obj\release\infrared.obj
c:\users\joellewis\desktop\of_v0.8.4_vs_release\apps\circulate\circulate\obj\release\longexposureinfrared.cpp.nativecodeanalysis.xml
c:\users\joellewis\desktop\of_v0.8.4_vs_release\apps\circulate\circulate\obj\release\longexposureinfrared.obj
c:\users\joellewis\desktop\of_v0.8.4_vs_release\apps\circulate\circulate\obj\release\utils.cpp.nativecodeanalysis.xml
c:\users\joellewis\desktop\of_v0.8.4_vs_release\apps\circulate\circulate\obj\release\utils.obj
c:\users\joellewis\desktop\of_v0.8.4_vs_release\apps\circulate\circulate\obj\release\ofxsplashscreen.cpp.nativecodeanalysis.xml
c:\users\joellewis\desktop\of_v0.8.4_vs_release\apps\circulate\circulate\obj\release\ofxsplashscreen.obj
c:\users\joellewis\desktop\of_v0.8.4_vs_release\apps\circulate\circulate\obj\release\ofxeasing.cpp.nativecodeanalysis.xml
c:\users\joellewis\desktop\of_v0.8.4_vs_release\apps\circulate\circulate\obj\release\ofxeasing.obj
c:\users\joellewis\desktop\of_v0.8.4_vs_release\apps\circulate\circulate\obj\release\ofxeasingback.cpp.nativecodeanalysis.xml
c:\users\joellewis\desktop\of_v0.8.4_vs_release\apps\circulate\circulate\obj\release\ofxeasingback.obj
c:\users\joellewis\desktop\of_v0.8.4_vs_release\apps\circulate\circulate\obj\release\ofxeasingbounce.cpp.nativecodeanalysis.xml
c:\users\joellewis\desktop\of_v0.8.4_vs_release\apps\circulate\circulate\obj\release\ofxeasingbounce.obj
c:\users\joellewis\desktop\of_v0.8.4_vs_release\apps\circulate\circulate\obj\release\ofxeasingcirc.cpp.nativecodeanalysis.xml
c:\users\joellewis\desktop\of_v0.8.4_vs_release\apps\circulate\circulate\obj\release\ofxeasingcirc.obj
c:\users\joellewis\desktop\of_v0.8.4_vs_release\apps\circulate\circulate\obj\release\ofxeasingcubic.cpp.nativecodeanalysis.xml
c:\users\joellewis\desktop\of_v0.8.4_vs_release\apps\circulate\circulate\obj\release\ofxeasingcubic.obj
c:\users\joellewis\desktop\of_v0.8.4_vs_release\apps\circulate\circulate\obj\release\ofxeasingelastic.cpp.nativecodeanalysis.xml
c:\users\joellewis\desktop\of_v0.8.4_vs_release\apps\circulate\circulate\obj\release\ofxeasingelastic.obj
c:\users\joellewis\desktop\of_v0.8.4_vs_release\apps\circulate\circulate\obj\release\ofxeasingexpo.cpp.nativecodeanalysis.xml
c:\users\joellewis\desktop\of_v0.8.4_vs_release\apps\circulate\circulate\obj\release\ofxeasingexpo.obj
c:\users\joellewis\desktop\of_v0.8.4_vs_release\apps\circulate\circulate\obj\release\ofxeasinglinear.cpp.nativecodeanalysis.xml
c:\users\joellewis\desktop\of_v0.8.4_vs_release\apps\circulate\circulate\obj\release\ofxeasinglinear.obj
c:\users\joellewis\desktop\of_v0.8.4_vs_release\apps\circulate\circulate\obj\release\ofxeasingquad.cpp.nativecodeanalysis.xml
c:\users\joellewis\desktop\of_v0.8.4_vs_release\apps\circulate\circulate\obj\release\ofxeasingquad.obj
c:\users\joellewis\desktop\of_v0.8.4_vs_release\apps\circulate\circulate\obj\release\ofxeasingquart.cpp.nativecodeanalysis.xml
c:\users\joellewis\desktop\of_v0.8.4_vs_release\apps\circulate\circulate\obj\release\ofxeasingquart.obj
c:\users\joellewis\desktop\of_v0.8.4_vs_release\apps\circulate\circulate\obj\release\ofxeasingquint.cpp.nativecodeanalysis.xml
c:\users\joellewis\desktop\of_v0.8.4_vs_release\apps\circulate\circulate\obj\release\ofxeasingquint.obj
c:\users\joellewis\desktop\of_v0.8.4_vs_release\apps\circulate\circulate\obj\release\ofxeasingsine.cpp.nativecodeanalysis.xml
c:\users\joellewis\desktop\of_v0.8.4_vs_release\apps\circulate\circulate\obj\release\ofxeasingsine.obj
c:\users\joellewis\desktop\of_v0.8.4_vs_release\apps\circulate\circulate\obj\release\ofxtween.cpp.nativecodeanalysis.xml
c:\users\joellewis\desktop\of_v0.8.4_vs_release\apps\circulate\circulate\obj\release\ofxtween.obj
c:\users\joellewis\desktop\of_v0.8.4_vs_release\apps\circulate\circulate\obj\release\tinyxml.cpp.nativecodeanalysis.xml
c:\users\joellewis\desktop\of_v0.8.4_vs_release\apps\circulate\circulate\obj\release\tinyxml.obj
c:\users\joellewis\desktop\of_v0.8.4_vs_release\apps\circulate\circulate\obj\release\tinyxmlerror.cpp.nativecodeanalysis.xml
c:\users\joellewis\desktop\of_v0.8.4_vs_release\apps\circulate\circulate\obj\release\tinyxmlerror.obj
c:\users\joellewis\desktop\of_v0.8.4_vs_release\apps\circulate\circulate\obj\release\tinyxmlparser.cpp.nativecodeanalysis.xml
c:\users\joellewis\desktop\of_v0.8.4_vs_release\apps\circulate\circulate\obj\release\tinyxmlparser.obj
c:\users\joellewis\desktop\of_v0.8.4_vs_release\apps\circulate\circulate\obj\release\ofxxmlsettings.cpp.nativecodeanalysis.xml
c:\users\joellewis\desktop\of_v0.8.4_vs_release\apps\circulate\circulate\obj\release\ofxxmlsettings.obj
c:\users\joellewis\desktop\of_v0.8.4_vs_release\apps\circulate\circulate\obj\release\costume.cpp.nativecodeanalysis.xml
c:\users\joellewis\desktop\of_v0.8.4_vs_release\apps\circulate\circulate\obj\release\costume.obj
c:\users\joellewis\desktop\of_v0.8.4_vs_release\apps\circulate\circulate\obj\release\integratorf.cpp.nativecodeanalysis.xml
c:\users\joellewis\desktop\of_v0.8.4_vs_release\apps\circulate\circulate\obj\release\integratorf.obj
c:\users\joellewis\desktop\of_v0.8.4_vs_release\apps\circulate\circulate\obj\release\integratorvec3f.cpp.nativecodeanalysis.xml
c:\users\joellewis\desktop\of_v0.8.4_vs_release\apps\circulate\circulate\obj\release\integratorvec3f.obj
c:\users\joellewis\desktop\of_v0.8.4_vs_release\apps\circulate\circulate\obj\release\jointset.cpp.nativecodeanalysis.xml
c:\users\joellewis\desktop\of_v0.8.4_vs_release\apps\circulate\circulate\obj\release\jointset.obj
c:\users\joellewis\desktop\of_v0.8.4_vs_release\apps\circulate\circulate\obj\release\main.cpp.nativecodeanalysis.xml
c:\users\joellewis\desktop\of_v0.8.4_vs_release\apps\circulate\circulate\obj\release\main.obj
c:\users\joellewis\desktop\of_v0.8.4_vs_release\apps\circulate\circulate\obj\release\ofapp.cpp.nativecodeanalysis.xml
c:\users\joellewis\desktop\of_v0.8.4_vs_release\apps\circulate\circulate\obj\release\ofapp.obj
c:\users\joellewis\desktop\of_v0.8.4_vs_release\apps\circulate\circulate\obj\release\segment.cpp.nativecodeanalysis.xml
c:\users\joellewis\desktop\of_v0.8.4_vs_release\apps\circulate\circulate\obj\release\segment.obj
c:\users\joellewis\desktop\of_v0.8.4_vs_release\apps\circulate\circulate\obj\release\ticker.cpp.nativecodeanalysis.xml
c:\users\joellewis\desktop\of_v0.8.4_vs_release\apps\circulate\circulate\obj\release\ticker.obj
c:\users\joellewis\desktop\of_v0.8.4_vs_release\apps\circulate\circulate\obj\release\icon.res
c:\users\joellewis\desktop\of_v0.8.4_vs_release\apps\circulate\circulate\obj\release\cl.command.1.tlog
c:\users\joellewis\desktop\of_v0.8.4_vs_release\apps\circulate\circulate\obj\release\cl.read.1.tlog
c:\users\joellewis\desktop\of_v0.8.4_vs_release\apps\circulate\circulate\obj\release\cl.read.3.tlog
c:\users\joellewis\desktop\of_v0.8.4_vs_release\apps\circulate\circulate\obj\release\cl.write.1.tlog
c:\users\joellewis\desktop\of_v0.8.4_vs_release\apps\circulate\circulate\obj\release\link.command.1.tlog
c:\users\joellewis\desktop\of_v0.8.4_vs_release\apps\circulate\circulate\obj\release\link.read.1.tlog
c:\users\joellewis\desktop\of_v0.8.4_vs_release\apps\circulate\circulate\obj\release\link.write.1.tlog
c:\users\joellewis\desktop\of_v0.8.4_vs_release\apps\circulate\circulate\obj\release\rc.command.1.tlog
c:\users\joellewis\desktop\of_v0.8.4_vs_release\apps\circulate\circulate\obj\release\rc.read.1.tlog
c:\users\joellewis\desktop\of_v0.8.4_vs_release\apps\circulate\circulate\obj\release\rc.write.1.tlog
